Determining if the pthread_create exist failed with the following output:
Change Dir: /home/govind/orb_slam2_ws/src/ORB_SLAM2/Examples/ROS/ORB_SLAM2/build/CMakeFiles/CMakeTmp

Run Build Command:"/usr/bin/make" "cmTC_cfafc/fast"
/usr/bin/make -f CMakeFiles/cmTC_cfafc.dir/build.make CMakeFiles/cmTC_cfafc.dir/build
make[1]: Entering directory '/home/govind/orb_slam2_ws/src/ORB_SLAM2/Examples/ROS/ORB_SLAM2/build/CMakeFiles/CMakeTmp'
Building C object CMakeFiles/cmTC_cfafc.dir/CheckSymbolExists.c.o
/usr/bin/cc    -o CMakeFiles/cmTC_cfafc.dir/CheckSymbolExists.c.o   -c /home/govind/orb_slam2_ws/src/ORB_SLAM2/Examples/ROS/ORB_SLAM2/build/CMakeFiles/CMakeTmp/CheckSymbolExists.c
Linking C executable cmTC_cfafc
/usr/bin/cmake -E cmake_link_script CMakeFiles/cmTC_cfafc.dir/link.txt --verbose=1
/usr/bin/cc      -rdynamic CMakeFiles/cmTC_cfafc.dir/CheckSymbolExists.c.o  -o cmTC_cfafc 
CMakeFiles/cmTC_cfafc.dir/CheckSymbolExists.c.o: In function `main':
CheckSymbolExists.c:(.text+0x1b): undefined reference to `pthread_create'
collect2: error: ld returned 1 exit status
CMakeFiles/cmTC_cfafc.dir/build.make:97: recipe for target 'cmTC_cfafc' failed
make[1]: *** [cmTC_cfafc] Error 1
make[1]: Leaving directory '/home/govind/orb_slam2_ws/src/ORB_SLAM2/Examples/ROS/ORB_SLAM2/build/CMakeFiles/CMakeTmp'
Makefile:126: recipe for target 'cmTC_cfafc/fast' failed
make: *** [cmTC_cfafc/fast] Error 2

File /home/govind/orb_slam2_ws/src/ORB_SLAM2/Examples/ROS/ORB_SLAM2/build/CMakeFiles/CMakeTmp/CheckSymbolExists.c:
/* */
#include <pthread.h>

int main(int argc, char** argv)
{
  (void)argv;
#ifndef pthread_create
  return ((int*)(&pthread_create))[argc];
#else
  (void)argc;
  return 0;
#endif
}

Determining if the function pthread_create exists in the pthreads failed with the following output:
Change Dir: /home/govind/orb_slam2_ws/src/ORB_SLAM2/Examples/ROS/ORB_SLAM2/build/CMakeFiles/CMakeTmp

Run Build Command:"/usr/bin/make" "cmTC_e2e61/fast"
/usr/bin/make -f CMakeFiles/cmTC_e2e61.dir/build.make CMakeFiles/cmTC_e2e61.dir/build
make[1]: Entering directory '/home/govind/orb_slam2_ws/src/ORB_SLAM2/Examples/ROS/ORB_SLAM2/build/CMakeFiles/CMakeTmp'
Building C object CMakeFiles/cmTC_e2e61.dir/CheckFunctionExists.c.o
/usr/bin/cc   -DCHECK_FUNCTION_EXISTS=pthread_create   -o CMakeFiles/cmTC_e2e61.dir/CheckFunctionExists.c.o   -c /usr/share/cmake-3.10/Modules/CheckFunctionExists.c
Linking C executable cmTC_e2e61
/usr/bin/cmake -E cmake_link_script CMakeFiles/cmTC_e2e61.dir/link.txt --verbose=1
/usr/bin/cc  -DCHECK_FUNCTION_EXISTS=pthread_create    -rdynamic CMakeFiles/cmTC_e2e61.dir/CheckFunctionExists.c.o  -o cmTC_e2e61 -lpthreads 
/usr/bin/ld: cannot find -lpthreads
collect2: error: ld returned 1 exit status
CMakeFiles/cmTC_e2e61.dir/build.make:97: recipe for target 'cmTC_e2e61' failed
make[1]: *** [cmTC_e2e61] Error 1
make[1]: Leaving directory '/home/govind/orb_slam2_ws/src/ORB_SLAM2/Examples/ROS/ORB_SLAM2/build/CMakeFiles/CMakeTmp'
Makefile:126: recipe for target 'cmTC_e2e61/fast' failed
make: *** [cmTC_e2e61/fast] Error 2


